<?xml version="1.0" encoding="UTF-8" standalone="no"?>
<testsuite errors="0" failures="0" name="io.cucumber.core.plugin.JUnitFormatter" skipped="0" tests="3" time="30.918">
    <testcase classname="OrangeHRM Login Functionality" name="Login feature using scenario outline" time="14.437">
        <system-out>
            <![CDATA[Given User is on Login Page.................................................passed
When User enters Admin and admin123.........................................passed
And user clicks on Login Button.............................................passed
Then User should be able to login successfully..............................passed
]]>
        </system-out>
    </testcase>
    <testcase classname="OrangeHRM Login Functionality" name="Login feature using scenario outline 2" time="7.479">
        <system-out>
            <![CDATA[Given User is on Login Page.................................................passed
When User enters test and test123...........................................passed
And user clicks on Login Button.............................................passed
Then User should be able to login successfully..............................passed
]]>
        </system-out>
    </testcase>
    <testcase classname="OrangeHRM Login Functionality" name="Login feature using scenario outline 3" time="8.443">
        <system-out>
            <![CDATA[Given User is on Login Page.................................................passed
When User enters abc and abc123.............................................passed
And user clicks on Login Button.............................................passed
Then User should be able to login successfully..............................passed
]]>
        </system-out>
    </testcase>
</testsuite>
