<?xml version="1.0" encoding="UTF-8"?>
<!-- Generated by org.testng.reporters.JUnitReportReporter -->
<testsuite hostname="Ajays-MacBook-Air.local" failures="0" tests="3" name="MyRunner.TestRunner" time="27.916" errors="0" timestamp="2021-10-06T16:19:49 IST" skipped="0">
  <testcase classname="MyRunner.TestRunner" name="runScenario" time="7.536"/>
  <system-out/>
  <testcase classname="MyRunner.TestRunner" name="runScenario" time="6.566"/>
  <system-out/>
  <testcase classname="MyRunner.TestRunner" name="runScenario" time="13.814"/>
  <system-out/>
</testsuite> <!-- MyRunner.TestRunner -->
