<?xml version="1.0" encoding="UTF-8"?>
<!-- Generated by org.testng.reporters.JUnitReportReporter -->
<testsuite hostname="Ajays-MacBook-Air.local" failures="0" tests="3" name="MyRunner.TestRunner" time="32.221" errors="0" timestamp="2021-10-08T17:17:04 IST" skipped="0">
  <testcase classname="MyRunner.TestRunner" name="runScenario" time="14.155"/>
  <system-out/>
  <testcase classname="MyRunner.TestRunner" name="runScenario" time="10.019"/>
  <system-out/>
  <testcase classname="MyRunner.TestRunner" name="runScenario" time="8.047"/>
  <system-out/>
</testsuite> <!-- MyRunner.TestRunner -->
